<?xml version="1.0" encoding="UTF-8"?>
<coverage generated="1570449436">
  <project timestamp="1570449436">
    <package name="Jobcloud\Messaging\Consumer">
      <file name="/var/www/html/src/Consumer/ConsumerException.php">
        <class name="Jobcloud\Messaging\Consumer\ConsumerException" namespace="Jobcloud\Messaging\Consumer">
          <metrics complexity="0" methods="0" coveredmethods="0" conditionals="0" coveredconditionals="0" statements="0" coveredstatements="0" elements="0" coveredelements="0"/>
        </class>
        <metrics loc="10" ncloc="10" classes="0" methods="0" coveredmethods="0" conditionals="0" coveredconditionals="0" statements="0" coveredstatements="0" elements="0" coveredelements="0"/>
      </file>
    </package>
    <file name="/var/www/html/src/Consumer/ConsumerInterface.php">
      <metrics loc="21" ncloc="12" classes="0" methods="0" coveredmethods="0" conditionals="0" coveredconditionals="0" statements="0" coveredstatements="0" elements="0" coveredelements="0"/>
    </file>
    <file name="/var/www/html/src/Consumer/MessageInterface.php">
      <metrics loc="15" ncloc="11" classes="0" methods="0" coveredmethods="0" conditionals="0" coveredconditionals="0" statements="0" coveredstatements="0" elements="0" coveredelements="0"/>
    </file>
    <package name="Jobcloud\Messaging\Kafka\Callback">
      <file name="/var/www/html/src/Kafka/Callback/KafkaConsumerRebalanceCallback.php">
        <class name="Jobcloud\Messaging\Kafka\Callback\KafkaConsumerRebalanceCallback" namespace="Jobcloud\Messaging\Kafka\Callback">
          <metrics complexity="3" methods="1" coveredmethods="1" conditionals="0" coveredconditionals="0" statements="7" coveredstatements="7" elements="8" coveredelements="8"/>
        </class>
        <line num="21" type="method" name="__invoke" visibility="public" complexity="3" crap="3" count="3"/>
        <line num="25" type="stmt" count="3"/>
        <line num="26" type="stmt" count="1"/>
        <line num="27" type="stmt" count="1"/>
        <line num="30" type="stmt" count="2"/>
        <line num="31" type="stmt" count="2"/>
        <line num="33" type="stmt" count="1"/>
        <line num="34" type="stmt" count="1"/>
        <metrics loc="37" ncloc="30" classes="1" methods="1" coveredmethods="1" conditionals="0" coveredconditionals="0" statements="7" coveredstatements="7" elements="8" coveredelements="8"/>
      </file>
      <file name="/var/www/html/src/Kafka/Callback/KafkaErrorCallback.php">
        <class name="Jobcloud\Messaging\Kafka\Callback\KafkaErrorCallback" namespace="Jobcloud\Messaging\Kafka\Callback">
          <metrics complexity="2" methods="1" coveredmethods="1" conditionals="0" coveredconditionals="0" statements="4" coveredstatements="4" elements="5" coveredelements="5"/>
        </class>
        <line num="19" type="method" name="__invoke" visibility="public" complexity="2" crap="2" count="2"/>
        <line num="21" type="stmt" count="2"/>
        <line num="22" type="stmt" count="1"/>
        <line num="25" type="stmt" count="1"/>
        <line num="26" type="stmt" count="1"/>
        <metrics loc="30" ncloc="23" classes="1" methods="1" coveredmethods="1" conditionals="0" coveredconditionals="0" statements="4" coveredstatements="4" elements="5" coveredelements="5"/>
      </file>
      <file name="/var/www/html/src/Kafka/Callback/KafkaProducerDeliveryReportCallback.php">
        <class name="Jobcloud\Messaging\Kafka\Callback\KafkaProducerDeliveryReportCallback" namespace="Jobcloud\Messaging\Kafka\Callback">
          <metrics complexity="2" methods="1" coveredmethods="1" conditionals="0" coveredconditionals="0" statements="5" coveredstatements="5" elements="6" coveredelements="6"/>
        </class>
        <line num="11" type="stmt" count="1"/>
        <line num="21" type="method" name="__invoke" visibility="public" complexity="2" crap="2" count="3"/>
        <line num="24" type="stmt" count="3"/>
        <line num="25" type="stmt" count="1"/>
        <line num="28" type="stmt" count="2"/>
        <line num="29" type="stmt" count="2"/>
        <line num="30" type="stmt" count="2"/>
        <metrics loc="33" ncloc="27" classes="1" methods="1" coveredmethods="1" conditionals="0" coveredconditionals="0" statements="6" coveredstatements="6" elements="7" coveredelements="7"/>
      </file>
    </package>
    <package name="Jobcloud\Messaging\Kafka\Consumer">
      <file name="/var/www/html/src/Kafka/Consumer/KafkaConsumer.php">
        <class name="Jobcloud\Messaging\Kafka\Consumer\KafkaConsumer" namespace="Jobcloud\Messaging\Kafka\Consumer">
          <metrics complexity="28" methods="9" coveredmethods="9" conditionals="0" coveredconditionals="0" statements="63" coveredstatements="63" elements="72" coveredelements="72"/>
        </class>
        <line num="72" type="method" name="__construct" visibility="public" complexity="1" crap="1" count="14"/>
        <line num="74" type="stmt" count="14"/>
        <line num="75" type="stmt" count="14"/>
        <line num="76" type="stmt" count="14"/>
        <line num="77" type="stmt" count="14"/>
        <line num="78" type="stmt" count="14"/>
        <line num="85" type="method" name="consume" visibility="public" complexity="6" crap="6" count="5"/>
        <line num="87" type="stmt" count="5"/>
        <line num="88" type="stmt" count="1"/>
        <line num="91" type="stmt" count="4"/>
        <line num="92" type="stmt" count="1"/>
        <line num="93" type="stmt" count="1"/>
        <line num="94" type="stmt" count="1"/>
        <line num="98" type="stmt" count="3"/>
        <line num="99" type="stmt" count="1"/>
        <line num="102" type="stmt" count="2"/>
        <line num="103" type="stmt" count="2"/>
        <line num="104" type="stmt" count="2"/>
        <line num="105" type="stmt" count="2"/>
        <line num="106" type="stmt" count="2"/>
        <line num="109" type="stmt" count="2"/>
        <line num="110" type="stmt" count="1"/>
        <line num="113" type="stmt" count="1"/>
        <line num="119" type="method" name="getTopicSubscriptions" visibility="public" complexity="1" crap="1" count="1"/>
        <line num="121" type="stmt" count="1"/>
        <line num="129" type="method" name="subscribe" visibility="public" complexity="8" crap="8" count="8"/>
        <line num="131" type="stmt" count="8"/>
        <line num="132" type="stmt" count="1"/>
        <line num="135" type="stmt" count="7"/>
        <line num="138" type="stmt" count="7"/>
        <line num="139" type="stmt" count="6"/>
        <line num="141" type="stmt" count="6"/>
        <line num="142" type="stmt" count="6"/>
        <line num="143" type="stmt" count="6"/>
        <line num="144" type="stmt" count="6"/>
        <line num="148" type="stmt" count="5"/>
        <line num="149" type="stmt" count="1"/>
        <line num="151" type="stmt" count="5"/>
        <line num="152" type="stmt" count="1"/>
        <line num="153" type="stmt" count="1"/>
        <line num="154" type="stmt" count="1"/>
        <line num="159" type="stmt" count="1"/>
        <line num="162" type="stmt" count="5"/>
        <line num="163" type="stmt" count="5"/>
        <line num="167" type="stmt" count="6"/>
        <line num="168" type="stmt" count="1"/>
        <line num="169" type="stmt" count="1"/>
        <line num="178" type="method" name="commit" visibility="public" complexity="4" crap="4" count="2"/>
        <line num="180" type="stmt" count="2"/>
        <line num="182" type="stmt" count="2"/>
        <line num="183" type="stmt" count="2"/>
        <line num="184" type="stmt" count="1"/>
        <line num="185" type="stmt" count="1"/>
        <line num="189" type="stmt" count="1"/>
        <line num="190" type="stmt" count="1"/>
        <line num="191" type="stmt" count="1"/>
        <line num="200" type="method" name="unsubscribe" visibility="public" complexity="4" crap="4" count="2"/>
        <line num="202" type="stmt" count="2"/>
        <line num="203" type="stmt" count="1"/>
        <line num="206" type="stmt" count="1"/>
        <line num="207" type="stmt" count="1"/>
        <line num="208" type="stmt" count="1"/>
        <line num="212" type="stmt" count="1"/>
        <line num="218" type="method" name="isSubscribed" visibility="public" complexity="1" crap="1" count="3"/>
        <line num="220" type="stmt" count="3"/>
        <line num="228" type="method" name="getMetadataForTopic" visibility="private" complexity="1" crap="1" count="1"/>
        <line num="230" type="stmt" count="1"/>
        <line num="236" type="method" name="connectConsumerToBrokers" visibility="private" complexity="2" crap="2" count="7"/>
        <line num="238" type="stmt" count="7"/>
        <line num="239" type="stmt" count="1"/>
        <line num="242" type="stmt" count="7"/>
        <line num="243" type="stmt" count="7"/>
        <metrics loc="245" ncloc="179" classes="1" methods="9" coveredmethods="9" conditionals="0" coveredconditionals="0" statements="63" coveredstatements="63" elements="72" coveredelements="72"/>
      </file>
      <file name="/var/www/html/src/Kafka/Consumer/KafkaConsumerBuilder.php">
        <class name="Jobcloud\Messaging\Kafka\Consumer\KafkaConsumerBuilder" namespace="Jobcloud\Messaging\Kafka\Consumer">
          <metrics complexity="13" methods="10" coveredmethods="10" conditionals="0" coveredconditionals="0" statements="28" coveredstatements="28" elements="38" coveredelements="38"/>
        </class>
        <line num="53" type="method" name="__construct" visibility="private" complexity="1" crap="1" count="11"/>
        <line num="55" type="stmt" count="11"/>
        <line num="61" type="method" name="create" visibility="public" complexity="1" crap="1" count="11"/>
        <line num="63" type="stmt" count="11"/>
        <line num="70" type="method" name="addBroker" visibility="public" complexity="1" crap="1" count="3"/>
        <line num="72" type="stmt" count="3"/>
        <line num="74" type="stmt" count="3"/>
        <line num="81" type="method" name="addSubscription" visibility="public" complexity="1" crap="1" count="2"/>
        <line num="83" type="stmt" count="2"/>
        <line num="85" type="stmt" count="2"/>
        <line num="92" type="method" name="setConfig" visibility="public" complexity="1" crap="1" count="1"/>
        <line num="94" type="stmt" count="1"/>
        <line num="96" type="stmt" count="1"/>
        <line num="103" type="method" name="setTimeout" visibility="public" complexity="1" crap="1" count="1"/>
        <line num="105" type="stmt" count="1"/>
        <line num="107" type="stmt" count="1"/>
        <line num="114" type="method" name="setConsumerGroup" visibility="public" complexity="1" crap="1" count="2"/>
        <line num="116" type="stmt" count="2"/>
        <line num="118" type="stmt" count="2"/>
        <line num="125" type="method" name="setErrorCallback" visibility="public" complexity="1" crap="1" count="2"/>
        <line num="127" type="stmt" count="2"/>
        <line num="129" type="stmt" count="2"/>
        <line num="136" type="method" name="setRebalanceCallback" visibility="public" complexity="1" crap="1" count="2"/>
        <line num="138" type="stmt" count="2"/>
        <line num="140" type="stmt" count="2"/>
        <line num="147" type="method" name="build" visibility="public" complexity="4" crap="4" count="3"/>
        <line num="149" type="stmt" count="3"/>
        <line num="150" type="stmt" count="1"/>
        <line num="153" type="stmt" count="2"/>
        <line num="154" type="stmt" count="1"/>
        <line num="158" type="stmt" count="1"/>
        <line num="159" type="stmt" count="1"/>
        <line num="162" type="stmt" count="1"/>
        <line num="165" type="stmt" count="1"/>
        <line num="167" type="stmt" count="1"/>
        <line num="168" type="stmt" count="1"/>
        <line num="172" type="stmt" count="1"/>
        <line num="174" type="stmt" count="1"/>
        <metrics loc="176" ncloc="109" classes="1" methods="10" coveredmethods="10" conditionals="0" coveredconditionals="0" statements="28" coveredstatements="28" elements="38" coveredelements="38"/>
      </file>
      <file name="/var/www/html/src/Kafka/Consumer/KafkaConsumerBuilderException.php">
        <class name="Jobcloud\Messaging\Kafka\Consumer\KafkaConsumerBuilderException" namespace="Jobcloud\Messaging\Kafka\Consumer">
          <metrics complexity="0" methods="0" coveredmethods="0" conditionals="0" coveredconditionals="0" statements="0" coveredstatements="0" elements="0" coveredelements="0"/>
        </class>
        <metrics loc="10" ncloc="10" classes="0" methods="0" coveredmethods="0" conditionals="0" coveredconditionals="0" statements="0" coveredstatements="0" elements="0" coveredelements="0"/>
      </file>
      <file name="/var/www/html/src/Kafka/Consumer/Message.php">
        <class name="Jobcloud\Messaging\Kafka\Consumer\Message" namespace="Jobcloud\Messaging\Kafka\Consumer">
          <metrics complexity="7" methods="5" coveredmethods="5" conditionals="0" coveredconditionals="0" statements="8" coveredstatements="8" elements="13" coveredelements="13"/>
        </class>
        <line num="38" type="method" name="__construct" visibility="public" complexity="2" crap="2" count="1"/>
        <line num="44" type="stmt" count="1"/>
        <line num="45" type="stmt" count="1"/>
        <line num="46" type="stmt" count="1"/>
        <line num="47" type="stmt" count="1"/>
        <line num="53" type="method" name="getBody" visibility="public" complexity="2" crap="2" count="1"/>
        <line num="55" type="stmt" count="1"/>
        <line num="61" type="method" name="getTopicName" visibility="public" complexity="1" crap="1" count="1"/>
        <line num="63" type="stmt" count="1"/>
        <line num="69" type="method" name="getOffset" visibility="public" complexity="1" crap="1" count="1"/>
        <line num="71" type="stmt" count="1"/>
        <line num="77" type="method" name="getPartition" visibility="public" complexity="1" crap="1" count="1"/>
        <line num="79" type="stmt" count="1"/>
        <metrics loc="81" ncloc="51" classes="1" methods="5" coveredmethods="5" conditionals="0" coveredconditionals="0" statements="8" coveredstatements="8" elements="13" coveredelements="13"/>
      </file>
      <file name="/var/www/html/src/Kafka/Consumer/TopicSubscription.php">
        <class name="Jobcloud\Messaging\Kafka\Consumer\TopicSubscription" namespace="Jobcloud\Messaging\Kafka\Consumer">
          <metrics complexity="8" methods="6" coveredmethods="6" conditionals="0" coveredconditionals="0" statements="12" coveredstatements="12" elements="18" coveredelements="18"/>
        </class>
        <line num="43" type="method" name="__construct" visibility="public" complexity="2" crap="2" count="4"/>
        <line num="48" type="stmt" count="4"/>
        <line num="49" type="stmt" count="4"/>
        <line num="50" type="stmt" count="4"/>
        <line num="51" type="stmt" count="4"/>
        <line num="53" type="stmt" count="4"/>
        <line num="54" type="stmt" count="4"/>
        <line num="61" type="method" name="getTopicName" visibility="public" complexity="1" crap="1" count="1"/>
        <line num="63" type="stmt" count="1"/>
        <line num="71" type="method" name="addPartition" visibility="public" complexity="2" crap="2" count="1"/>
        <line num="73" type="stmt" count="1"/>
        <line num="75" type="stmt" count="1"/>
        <line num="81" type="method" name="getPartitions" visibility="public" complexity="1" crap="1" count="1"/>
        <line num="83" type="stmt" count="1"/>
        <line num="89" type="method" name="getDefaultOffset" visibility="public" complexity="1" crap="1" count="1"/>
        <line num="91" type="stmt" count="1"/>
        <line num="97" type="method" name="getTopicConf" visibility="public" complexity="1" crap="1" count="1"/>
        <line num="99" type="stmt" count="1"/>
        <metrics loc="101" ncloc="63" classes="1" methods="6" coveredmethods="6" conditionals="0" coveredconditionals="0" statements="12" coveredstatements="12" elements="18" coveredelements="18"/>
      </file>
    </package>
    <file name="/var/www/html/src/Kafka/Consumer/KafkaConsumerBuilderInterface.php">
      <metrics loc="55" ncloc="24" classes="0" methods="0" coveredmethods="0" conditionals="0" coveredconditionals="0" statements="0" coveredstatements="0" elements="0" coveredelements="0"/>
    </file>
    <file name="/var/www/html/src/Kafka/Consumer/KafkaConsumerInterface.php">
      <metrics loc="43" ncloc="23" classes="0" methods="0" coveredmethods="0" conditionals="0" coveredconditionals="0" statements="0" coveredstatements="0" elements="0" coveredelements="0"/>
    </file>
    <file name="/var/www/html/src/Kafka/Consumer/TopicSubscriptionInterface.php">
      <metrics loc="38" ncloc="21" classes="0" methods="0" coveredmethods="0" conditionals="0" coveredconditionals="0" statements="0" coveredstatements="0" elements="0" coveredelements="0"/>
    </file>
    <package name="Jobcloud\Messaging\Kafka\Exception">
      <file name="/var/www/html/src/Kafka/Exception/KafkaBrokerException.php">
        <class name="Jobcloud\Messaging\Kafka\Exception\KafkaBrokerException" namespace="Jobcloud\Messaging\Kafka\Exception">
          <metrics complexity="0" methods="0" coveredmethods="0" conditionals="0" coveredconditionals="0" statements="0" coveredstatements="0" elements="0" coveredelements="0"/>
        </class>
        <metrics loc="9" ncloc="9" classes="0" methods="0" coveredmethods="0" conditionals="0" coveredconditionals="0" statements="0" coveredstatements="0" elements="0" coveredelements="0"/>
      </file>
      <file name="/var/www/html/src/Kafka/Exception/KafkaConsumerCommitException.php">
        <class name="Jobcloud\Messaging\Kafka\Exception\KafkaConsumerCommitException" namespace="Jobcloud\Messaging\Kafka\Exception">
          <metrics complexity="0" methods="0" coveredmethods="0" conditionals="0" coveredconditionals="0" statements="0" coveredstatements="0" elements="0" coveredelements="0"/>
        </class>
        <metrics loc="11" ncloc="11" classes="0" methods="0" coveredmethods="0" conditionals="0" coveredconditionals="0" statements="0" coveredstatements="0" elements="0" coveredelements="0"/>
      </file>
      <file name="/var/www/html/src/Kafka/Exception/KafkaConsumerConsumeException.php">
        <class name="Jobcloud\Messaging\Kafka\Exception\KafkaConsumerConsumeException" namespace="Jobcloud\Messaging\Kafka\Exception">
          <metrics complexity="3" methods="2" coveredmethods="2" conditionals="0" coveredconditionals="0" statements="3" coveredstatements="3" elements="5" coveredelements="5"/>
        </class>
        <line num="24" type="method" name="__construct" visibility="public" complexity="1" crap="1" count="1"/>
        <line num="30" type="stmt" count="1"/>
        <line num="32" type="stmt" count="1"/>
        <line num="38" type="method" name="getKafkaMessage" visibility="public" complexity="2" crap="2" count="1"/>
        <line num="40" type="stmt" count="1"/>
        <metrics loc="42" ncloc="30" classes="1" methods="2" coveredmethods="2" conditionals="0" coveredconditionals="0" statements="3" coveredstatements="3" elements="5" coveredelements="5"/>
      </file>
      <file name="/var/www/html/src/Kafka/Exception/KafkaConsumerSubscriptionException.php">
        <class name="Jobcloud\Messaging\Kafka\Exception\KafkaConsumerSubscriptionException" namespace="Jobcloud\Messaging\Kafka\Exception">
          <metrics complexity="0" methods="0" coveredmethods="0" conditionals="0" coveredconditionals="0" statements="0" coveredstatements="0" elements="0" coveredelements="0"/>
        </class>
        <metrics loc="11" ncloc="11" classes="0" methods="0" coveredmethods="0" conditionals="0" coveredconditionals="0" statements="0" coveredstatements="0" elements="0" coveredelements="0"/>
      </file>
      <file name="/var/www/html/src/Kafka/Exception/KafkaProducerException.php">
        <class name="Jobcloud\Messaging\Kafka\Exception\KafkaProducerException" namespace="Jobcloud\Messaging\Kafka\Exception">
          <metrics complexity="0" methods="0" coveredmethods="0" conditionals="0" coveredconditionals="0" statements="0" coveredstatements="0" elements="0" coveredelements="0"/>
        </class>
        <metrics loc="14" ncloc="12" classes="0" methods="0" coveredmethods="0" conditionals="0" coveredconditionals="0" statements="0" coveredstatements="0" elements="0" coveredelements="0"/>
      </file>
      <file name="/var/www/html/src/Kafka/Exception/KafkaRebalanceException.php">
        <class name="Jobcloud\Messaging\Kafka\Exception\KafkaRebalanceException" namespace="Jobcloud\Messaging\Kafka\Exception">
          <metrics complexity="0" methods="0" coveredmethods="0" conditionals="0" coveredconditionals="0" statements="0" coveredstatements="0" elements="0" coveredelements="0"/>
        </class>
        <metrics loc="12" ncloc="10" classes="0" methods="0" coveredmethods="0" conditionals="0" coveredconditionals="0" statements="0" coveredstatements="0" elements="0" coveredelements="0"/>
      </file>
    </package>
    <package name="Jobcloud\Messaging\Kafka\Helper">
      <file name="/var/www/html/src/Kafka/Helper/KafkaConfigTrait.php">
        <class name="KafkaConfigTrait" namespace="Jobcloud\Messaging\Kafka\Helper">
          <metrics complexity="4" methods="1" coveredmethods="1" conditionals="0" coveredconditionals="0" statements="4" coveredstatements="4" elements="5" coveredelements="5"/>
        </class>
        <line num="13" type="method" name="createKafkaConfig" visibility="protected" complexity="4" crap="4" count="4"/>
        <line num="15" type="stmt" count="4"/>
        <line num="17" type="stmt" count="4"/>
        <line num="18" type="stmt" count="4"/>
        <line num="21" type="stmt" count="4"/>
        <metrics loc="23" ncloc="19" classes="1" methods="1" coveredmethods="1" conditionals="0" coveredconditionals="0" statements="4" coveredstatements="4" elements="5" coveredelements="5"/>
      </file>
    </package>
    <package name="Jobcloud\Messaging\Kafka\Producer">
      <file name="/var/www/html/src/Kafka/Producer/KafkaProducer.php">
        <class name="Jobcloud\Messaging\Kafka\Producer\KafkaProducer" namespace="Jobcloud\Messaging\Kafka\Producer">
          <metrics complexity="7" methods="4" coveredmethods="4" conditionals="0" coveredconditionals="0" statements="15" coveredstatements="15" elements="19" coveredelements="19"/>
        </class>
        <line num="45" type="method" name="__construct" visibility="public" complexity="1" crap="1" count="4"/>
        <line num="47" type="stmt" count="4"/>
        <line num="48" type="stmt" count="4"/>
        <line num="49" type="stmt" count="4"/>
        <line num="59" type="method" name="produce" visibility="public" complexity="2" crap="2" count="3"/>
        <line num="61" type="stmt" count="3"/>
        <line num="63" type="stmt" count="3"/>
        <line num="65" type="stmt" count="3"/>
        <line num="67" type="stmt" count="2"/>
        <line num="68" type="stmt" count="2"/>
        <line num="76" type="method" name="getProducerTopicForTopic" visibility="private" complexity="2" crap="2" count="3"/>
        <line num="78" type="stmt" count="3"/>
        <line num="79" type="stmt" count="3"/>
        <line num="82" type="stmt" count="3"/>
        <line num="88" type="method" name="connectProducerToBrokers" visibility="private" complexity="2" crap="2" count="3"/>
        <line num="90" type="stmt" count="3"/>
        <line num="91" type="stmt" count="1"/>
        <line num="94" type="stmt" count="3"/>
        <line num="95" type="stmt" count="3"/>
        <metrics loc="97" ncloc="62" classes="1" methods="4" coveredmethods="4" conditionals="0" coveredconditionals="0" statements="15" coveredstatements="15" elements="19" coveredelements="19"/>
      </file>
      <file name="/var/www/html/src/Kafka/Producer/KafkaProducerBuilder.php">
        <class name="Jobcloud\Messaging\Kafka\Producer\KafkaProducerBuilder" namespace="Jobcloud\Messaging\Kafka\Producer">
          <metrics complexity="10" methods="8" coveredmethods="8" conditionals="0" coveredconditionals="0" statements="26" coveredstatements="26" elements="34" coveredelements="34"/>
        </class>
        <line num="46" type="method" name="__construct" visibility="private" complexity="1" crap="1" count="8"/>
        <line num="48" type="stmt" count="8"/>
        <line num="49" type="stmt" count="8"/>
        <line num="55" type="method" name="create" visibility="public" complexity="1" crap="1" count="8"/>
        <line num="57" type="stmt" count="8"/>
        <line num="64" type="method" name="addBroker" visibility="public" complexity="1" crap="1" count="3"/>
        <line num="66" type="stmt" count="3"/>
        <line num="68" type="stmt" count="3"/>
        <line num="75" type="method" name="setConfig" visibility="public" complexity="1" crap="1" count="1"/>
        <line num="77" type="stmt" count="1"/>
        <line num="79" type="stmt" count="1"/>
        <line num="86" type="method" name="setDeliveryReportCallback" visibility="public" complexity="1" crap="1" count="3"/>
        <line num="88" type="stmt" count="3"/>
        <line num="90" type="stmt" count="3"/>
        <line num="97" type="method" name="setErrorCallback" visibility="public" complexity="1" crap="1" count="1"/>
        <line num="99" type="stmt" count="1"/>
        <line num="101" type="stmt" count="1"/>
        <line num="108" type="method" name="setPollTimeout" visibility="public" complexity="1" crap="1" count="1"/>
        <line num="110" type="stmt" count="1"/>
        <line num="112" type="stmt" count="1"/>
        <line num="119" type="method" name="build" visibility="public" complexity="3" crap="3" count="3"/>
        <line num="121" type="stmt" count="3"/>
        <line num="122" type="stmt" count="1"/>
        <line num="126" type="stmt" count="2"/>
        <line num="127" type="stmt" count="2"/>
        <line num="129" type="stmt" count="2"/>
        <line num="130" type="stmt" count="2"/>
        <line num="131" type="stmt" count="2"/>
        <line num="132" type="stmt" count="2"/>
        <line num="135" type="stmt" count="2"/>
        <line num="137" type="stmt" count="2"/>
        <line num="138" type="stmt" count="2"/>
        <line num="140" type="stmt" count="2"/>
        <line num="142" type="stmt" count="2"/>
        <metrics loc="144" ncloc="97" classes="1" methods="8" coveredmethods="8" conditionals="0" coveredconditionals="0" statements="26" coveredstatements="26" elements="34" coveredelements="34"/>
      </file>
    </package>
    <file name="/var/www/html/src/Kafka/Producer/KafkaProducerBuilderInterface.php">
      <metrics loc="50" ncloc="24" classes="0" methods="0" coveredmethods="0" conditionals="0" coveredconditionals="0" statements="0" coveredstatements="0" elements="0" coveredelements="0"/>
    </file>
    <file name="/var/www/html/src/Producer/ProducerInterface.php">
      <metrics loc="18" ncloc="11" classes="0" methods="0" coveredmethods="0" conditionals="0" coveredconditionals="0" statements="0" coveredstatements="0" elements="0" coveredelements="0"/>
    </file>
    <package name="Jobcloud\Messaging\Producer">
      <file name="/var/www/html/src/Producer/ProducerPool.php">
        <class name="Jobcloud\Messaging\Producer\ProducerPool" namespace="Jobcloud\Messaging\Producer">
          <metrics complexity="5" methods="4" coveredmethods="4" conditionals="0" coveredconditionals="0" statements="6" coveredstatements="6" elements="10" coveredelements="10"/>
        </class>
        <line num="18" type="method" name="__construct" visibility="public" complexity="1" crap="1" count="4"/>
        <line num="20" type="stmt" count="4"/>
        <line num="30" type="method" name="produce" visibility="public" complexity="2" crap="2" count="1"/>
        <line num="32" type="stmt" count="1"/>
        <line num="33" type="stmt" count="1"/>
        <line num="40" type="method" name="getProducerPool" visibility="public" complexity="1" crap="1" count="2"/>
        <line num="42" type="stmt" count="2"/>
        <line num="49" type="method" name="addProducer" visibility="public" complexity="1" crap="1" count="2"/>
        <line num="51" type="stmt" count="2"/>
        <line num="53" type="stmt" count="2"/>
        <metrics loc="55" ncloc="35" classes="1" methods="4" coveredmethods="4" conditionals="0" coveredconditionals="0" statements="6" coveredstatements="6" elements="10" coveredelements="10"/>
      </file>
    </package>
    <metrics files="26" loc="1381" ncloc="924" classes="12" methods="52" coveredmethods="52" conditionals="0" coveredconditionals="0" statements="182" coveredstatements="182" elements="234" coveredelements="234"/>
  </project>
</coverage>
